<?xml version="1.0" encoding="UTF-8"?>
<!-- Generated by org.testng.reporters.JUnitXMLReporter -->
<testsuite hostname="DESKTOP-H4OO3GB" ignored="0" name="Test" tests="1" failures="1" timestamp="2023-11-29T16:19:05 IST" time="98.33" errors="0">
  <testcase name="verifyDiscussionForumWorkflowsWorksFine" time="94.742" classname="com.qualitrrix.test.UBScenarioSanity3">
    <failure type="org.openqa.selenium.NoSuchElementException" message="Can&amp;apos;t locate an element by this strategy: By.chained({By.all({By.xpath: //android.view.View[@text=&amp;apos;Selected Medium, Medium&amp;apos;],By.xpath: //android.view.View[@text=&amp;apos;multiple select&amp;apos;],By.xpath: //android.widget.Spinner[@text=&amp;apos;Selected Medium, Medium&amp;apos;],By.xpath: //android.view.View[@text=&amp;apos;Select Medium, Medium&amp;apos;],By.xpath: //android.widget.Spinner[@text=&amp;apos;Select Medium, Medium&amp;apos;],By.xpath: //android.widget.Button[@text=&amp;apos;multiple select&amp;apos;]})})">
      <![CDATA[org.openqa.selenium.NoSuchElementException: Can't locate an element by this strategy: By.chained({By.all({By.xpath: //android.view.View[@text='Selected Medium, Medium'],By.xpath: //android.view.View[@text='multiple select'],By.xpath: //android.widget.Spinner[@text='Selected Medium, Medium'],By.xpath: //android.view.View[@text='Select Medium, Medium'],By.xpath: //android.widget.Spinner[@text='Select Medium, Medium'],By.xpath: //android.widget.Button[@text='multiple select']})})
at io.appium.java_client.pagefactory.AppiumElementLocator.findElement(AppiumElementLocator.java:126)
at io.appium.java_client.pagefactory.interceptors.InterceptorOfASingleElement.intercept(InterceptorOfASingleElement.java:59)
at io.appium.java_client.android.AndroidElement$$EnhancerByCGLIB$$b598166c.click(<generated>)
at com.qualitrix.common.utils.Gestures.customWaitAndClick(Gestures.java:457)
at com.qualitrix.pageActions.DikshaMainPageActions.sltUserStateDropdown(DikshaMainPageActions.java:84)
at com.qualitrix.pageActions.DikshaMainPageActions.performUserOnBoarding(DikshaMainPageActions.java:133)
at com.qualitrrix.test.UBScenarioSanity3.verifyDiscussionForumWorkflowsWorksFine(UBScenarioSanity3.java:2975)
at java.util.ArrayList.forEach(ArrayList.java:1259)
at java.util.concurrent.FutureTask.run(FutureTask.java:266)
at java.util.concurrent.ThreadPoolExecutor.runWorker(ThreadPoolExecutor.java:1149)
at java.util.concurrent.ThreadPoolExecutor$Worker.run(ThreadPoolExecutor.java:624)
at java.lang.Thread.run(Thread.java:748)
Caused by: org.openqa.selenium.TimeoutException: Expected condition failed: waiting for io.appium.java_client.pagefactory.AppiumElementLocator$WaitingFunction@341988cb (tried for 1 second(s) with 500 milliseconds interval)
at org.openqa.selenium.support.ui.FluentWait.timeoutException(FluentWait.java:304)
at org.openqa.selenium.support.ui.FluentWait.until(FluentWait.java:272)
at io.appium.java_client.pagefactory.AppiumElementLocator.waitFor(AppiumElementLocator.java:99)
at io.appium.java_client.pagefactory.AppiumElementLocator.findElement(AppiumElementLocator.java:119)
... 29 more
Caused by: org.openqa.selenium.NoSuchElementException: Cannot locate an element using By.chained({By.all({By.xpath: //android.view.View[@text='Selected Medium, Medium'],By.xpath: //android.view.View[@text='multiple select'],By.xpath: //android.widget.Spinner[@text='Selected Medium, Medium'],By.xpath: //android.view.View[@text='Select Medium, Medium'],By.xpath: //android.widget.Spinner[@text='Select Medium, Medium'],By.xpath: //android.widget.Button[@text='multiple select']})})
For documentation on this error, please visit: https://www.seleniumhq.org/exceptions/no_such_element.html
Build info: version: '3.141.59', revision: 'e82be7d358', time: '2018-11-14T08:17:03'
System info: host: 'DESKTOP-H4OO3GB', ip: '192.168.56.2', os.name: 'Windows 10', os.arch: 'amd64', os.version: '10.0', java.version: '1.8.0_281'
Driver info: driver.version: AndroidDriver
at io.appium.java_client.pagefactory.bys.builder.ByChained.findElement(ByChained.java:74)
at org.openqa.selenium.remote.RemoteWebDriver.findElement(RemoteWebDriver.java:315)
at io.appium.java_client.DefaultGenericMobileDriver.findElement(DefaultGenericMobileDriver.java:57)
at io.appium.java_client.AppiumDriver.findElement(AppiumDriver.java:1)
at io.appium.java_client.android.AndroidDriver.findElement(AndroidDriver.java:1)
at io.appium.java_client.pagefactory.bys.ContentMappedBy.findElement(ContentMappedBy.java:50)
at org.openqa.selenium.remote.RemoteWebDriver.findElement(RemoteWebDriver.java:315)
at io.appium.java_client.DefaultGenericMobileDriver.findElement(DefaultGenericMobileDriver.java:57)
at io.appium.java_client.AppiumDriver.findElement(AppiumDriver.java:1)
at io.appium.java_client.android.AndroidDriver.findElement(AndroidDriver.java:1)
at io.appium.java_client.pagefactory.AppiumElementLocator.lambda$0(AppiumElementLocator.java:120)
at io.appium.java_client.pagefactory.AppiumElementLocator$WaitingFunction.apply(AppiumElementLocator.java:172)
at io.appium.java_client.pagefactory.AppiumElementLocator$WaitingFunction.apply(AppiumElementLocator.java:1)
at org.openqa.selenium.support.ui.FluentWait.until(FluentWait.java:249)
... 31 more
... Removed 18 stack frames]]>
    </failure>
  </testcase> <!-- verifyDiscussionForumWorkflowsWorksFine -->
</testsuite> <!-- Test -->
