<?xml version="1.0" encoding="UTF-8"?>
<testng-results skipped="0" failed="1" ignored="0" total="1" passed="0">
  <reporter-output>
  </reporter-output>
  <suite name="Qualitrix Suite" duration-ms="98330" started-at="2023-11-29T16:17:26 IST" finished-at="2023-11-29T16:19:05 IST">
    <groups>
    </groups>
    <test name="Test" duration-ms="98330" started-at="2023-11-29T16:17:26 IST" finished-at="2023-11-29T16:19:05 IST">
      <class name="com.qualitrrix.test.UBScenarioSanity3">
        <test-method status="PASS" signature="BeforeClass()[pri:0, instance:com.qualitrrix.test.UBScenarioSanity3@123ef382]" name="BeforeClass" is-config="true" duration-ms="10" started-at="2023-11-29T16:17:28 IST" finished-at="2023-11-29T16:17:28 IST">
          <reporter-output>
          </reporter-output>
        </test-method> <!-- BeforeClass -->
        <test-method status="PASS" signature="beforeMethod()[pri:0, instance:com.qualitrrix.test.UBScenarioSanity3@123ef382]" name="beforeMethod" is-config="true" duration-ms="0" started-at="2023-11-29T16:17:28 IST" finished-at="2023-11-29T16:17:28 IST">
          <reporter-output>
          </reporter-output>
        </test-method> <!-- beforeMethod -->
        <test-method status="FAIL" signature="verifyDiscussionForumWorkflowsWorksFine()[pri:0, instance:com.qualitrrix.test.UBScenarioSanity3@123ef382]" name="verifyDiscussionForumWorkflowsWorksFine" duration-ms="94742" started-at="2023-11-29T16:17:28 IST" finished-at="2023-11-29T16:19:03 IST">
          <exception class="org.openqa.selenium.NoSuchElementException">
            <message>
              <![CDATA[Can't locate an element by this strategy: By.chained({By.all({By.xpath: //android.view.View[@text='Selected Medium, Medium'],By.xpath: //android.view.View[@text='multiple select'],By.xpath: //android.widget.Spinner[@text='Selected Medium, Medium'],By.xpath: //android.view.View[@text='Select Medium, Medium'],By.xpath: //android.widget.Spinner[@text='Select Medium, Medium'],By.xpath: //android.widget.Button[@text='multiple select']})})]]>
            </message>
            <full-stacktrace>
              <![CDATA[org.openqa.selenium.NoSuchElementException: Can't locate an element by this strategy: By.chained({By.all({By.xpath: //android.view.View[@text='Selected Medium, Medium'],By.xpath: //android.view.View[@text='multiple select'],By.xpath: //android.widget.Spinner[@text='Selected Medium, Medium'],By.xpath: //android.view.View[@text='Select Medium, Medium'],By.xpath: //android.widget.Spinner[@text='Select Medium, Medium'],By.xpath: //android.widget.Button[@text='multiple select']})})
at io.appium.java_client.pagefactory.AppiumElementLocator.findElement(AppiumElementLocator.java:126)
at io.appium.java_client.pagefactory.interceptors.InterceptorOfASingleElement.intercept(InterceptorOfASingleElement.java:59)
at io.appium.java_client.android.AndroidElement$$EnhancerByCGLIB$$b598166c.click(<generated>)
at com.qualitrix.common.utils.Gestures.customWaitAndClick(Gestures.java:457)
at com.qualitrix.pageActions.DikshaMainPageActions.sltUserStateDropdown(DikshaMainPageActions.java:84)
at com.qualitrix.pageActions.DikshaMainPageActions.performUserOnBoarding(DikshaMainPageActions.java:133)
at com.qualitrrix.test.UBScenarioSanity3.verifyDiscussionForumWorkflowsWorksFine(UBScenarioSanity3.java:2975)
at sun.reflect.NativeMethodAccessorImpl.invoke0(Native Method)
at sun.reflect.NativeMethodAccessorImpl.invoke(NativeMethodAccessorImpl.java:62)
at sun.reflect.DelegatingMethodAccessorImpl.invoke(DelegatingMethodAccessorImpl.java:43)
at java.lang.reflect.Method.invoke(Method.java:498)
at org.testng.internal.MethodInvocationHelper.invokeMethod(MethodInvocationHelper.java:134)
at org.testng.internal.TestInvoker.invokeMethod(TestInvoker.java:597)
at org.testng.internal.TestInvoker.invokeTestMethod(TestInvoker.java:173)
at org.testng.internal.MethodRunner.runInSequence(MethodRunner.java:46)
at org.testng.internal.TestInvoker$MethodInvocationAgent.invoke(TestInvoker.java:816)
at org.testng.internal.TestInvoker.invokeTestMethods(TestInvoker.java:146)
at org.testng.internal.TestMethodWorker.invokeTestMethods(TestMethodWorker.java:146)
at org.testng.internal.TestMethodWorker.run(TestMethodWorker.java:128)
at java.util.ArrayList.forEach(ArrayList.java:1259)
at org.testng.TestRunner.privateRun(TestRunner.java:766)
at org.testng.TestRunner.run(TestRunner.java:587)
at org.testng.SuiteRunner.runTest(SuiteRunner.java:384)
at org.testng.SuiteRunner.access$000(SuiteRunner.java:28)
at org.testng.SuiteRunner$SuiteWorker.run(SuiteRunner.java:425)
at org.testng.internal.thread.ThreadUtil.lambda$execute$0(ThreadUtil.java:68)
at java.util.concurrent.FutureTask.run(FutureTask.java:266)
at java.util.concurrent.ThreadPoolExecutor.runWorker(ThreadPoolExecutor.java:1149)
at java.util.concurrent.ThreadPoolExecutor$Worker.run(ThreadPoolExecutor.java:624)
at java.lang.Thread.run(Thread.java:748)
Caused by: org.openqa.selenium.TimeoutException: Expected condition failed: waiting for io.appium.java_client.pagefactory.AppiumElementLocator$WaitingFunction@341988cb (tried for 1 second(s) with 500 milliseconds interval)
at org.openqa.selenium.support.ui.FluentWait.timeoutException(FluentWait.java:304)
at org.openqa.selenium.support.ui.FluentWait.until(FluentWait.java:272)
at io.appium.java_client.pagefactory.AppiumElementLocator.waitFor(AppiumElementLocator.java:99)
at io.appium.java_client.pagefactory.AppiumElementLocator.findElement(AppiumElementLocator.java:119)
... 29 more
Caused by: org.openqa.selenium.NoSuchElementException: Cannot locate an element using By.chained({By.all({By.xpath: //android.view.View[@text='Selected Medium, Medium'],By.xpath: //android.view.View[@text='multiple select'],By.xpath: //android.widget.Spinner[@text='Selected Medium, Medium'],By.xpath: //android.view.View[@text='Select Medium, Medium'],By.xpath: //android.widget.Spinner[@text='Select Medium, Medium'],By.xpath: //android.widget.Button[@text='multiple select']})})
For documentation on this error, please visit: https://www.seleniumhq.org/exceptions/no_such_element.html
Build info: version: '3.141.59', revision: 'e82be7d358', time: '2018-11-14T08:17:03'
System info: host: 'DESKTOP-H4OO3GB', ip: '192.168.56.2', os.name: 'Windows 10', os.arch: 'amd64', os.version: '10.0', java.version: '1.8.0_281'
Driver info: driver.version: AndroidDriver
at io.appium.java_client.pagefactory.bys.builder.ByChained.findElement(ByChained.java:74)
at org.openqa.selenium.remote.RemoteWebDriver.findElement(RemoteWebDriver.java:315)
at io.appium.java_client.DefaultGenericMobileDriver.findElement(DefaultGenericMobileDriver.java:57)
at io.appium.java_client.AppiumDriver.findElement(AppiumDriver.java:1)
at io.appium.java_client.android.AndroidDriver.findElement(AndroidDriver.java:1)
at io.appium.java_client.pagefactory.bys.ContentMappedBy.findElement(ContentMappedBy.java:50)
at org.openqa.selenium.remote.RemoteWebDriver.findElement(RemoteWebDriver.java:315)
at io.appium.java_client.DefaultGenericMobileDriver.findElement(DefaultGenericMobileDriver.java:57)
at io.appium.java_client.AppiumDriver.findElement(AppiumDriver.java:1)
at io.appium.java_client.android.AndroidDriver.findElement(AndroidDriver.java:1)
at io.appium.java_client.pagefactory.AppiumElementLocator.lambda$0(AppiumElementLocator.java:120)
at io.appium.java_client.pagefactory.AppiumElementLocator$WaitingFunction.apply(AppiumElementLocator.java:172)
at io.appium.java_client.pagefactory.AppiumElementLocator$WaitingFunction.apply(AppiumElementLocator.java:1)
at org.openqa.selenium.support.ui.FluentWait.until(FluentWait.java:249)
... 31 more
]]>
            </full-stacktrace>
          </exception> <!-- org.openqa.selenium.NoSuchElementException -->
          <reporter-output>
          </reporter-output>
        </test-method> <!-- verifyDiscussionForumWorkflowsWorksFine -->
      </class> <!-- com.qualitrrix.test.UBScenarioSanity3 -->
    </test> <!-- Test -->
  </suite> <!-- Qualitrix Suite -->
</testng-results>
